2026-02-20T23:18:10.154+05:30  INFO 88416 --- [Observatory] [main] c.q.observatory.ObservatoryApplication   : Starting ObservatoryApplication using Java 25.0.2 with PID 88416 (/Users/abhay/Desktop/Observatory/target/classes started by abhay in /Users/abhay/Desktop/Observatory)
2026-02-20T23:18:10.155+05:30 DEBUG 88416 --- [Observatory] [main] c.q.observatory.ObservatoryApplication   : Running with Spring Boot v4.0.2, Spring v7.0.3
2026-02-20T23:18:10.155+05:30  INFO 88416 --- [Observatory] [main] c.q.observatory.ObservatoryApplication   : No active profile set, falling back to 1 default profile: "default"
2026-02-20T23:18:10.378+05:30  INFO 88416 --- [Observatory] [main] .s.d.r.c.RepositoryConfigurationDelegate : Bootstrapping Spring Data JPA repositories in DEFAULT mode.
2026-02-20T23:18:10.394+05:30  INFO 88416 --- [Observatory] [main] .s.d.r.c.RepositoryConfigurationDelegate : Finished Spring Data repository scanning in 13 ms. Found 1 JPA repository interface.
2026-02-20T23:18:10.537+05:30  INFO 88416 --- [Observatory] [main] o.s.boot.tomcat.TomcatWebServer          : Tomcat initialized with port 8080 (http)
2026-02-20T23:18:10.542+05:30  INFO 88416 --- [Observatory] [main] o.apache.catalina.core.StandardService   : Starting service [Tomcat]
2026-02-20T23:18:10.542+05:30  INFO 88416 --- [Observatory] [main] o.apache.catalina.core.StandardEngine    : Starting Servlet engine: [Apache Tomcat/11.0.15]
2026-02-20T23:18:10.562+05:30  INFO 88416 --- [Observatory] [main] b.w.c.s.WebApplicationContextInitializer : Root WebApplicationContext: initialization completed in 385 ms
2026-02-20T23:18:10.614+05:30  INFO 88416 --- [Observatory] [main] org.hibernate.orm.jpa                    : HHH008540: Processing PersistenceUnitInfo [name: default]
2026-02-20T23:18:10.636+05:30  INFO 88416 --- [Observatory] [main] org.hibernate.orm.core                   : HHH000001: Hibernate ORM core version 7.2.1.Final
2026-02-20T23:18:10.787+05:30  INFO 88416 --- [Observatory] [main] o.s.o.j.p.SpringPersistenceUnitInfo      : No LoadTimeWeaver setup: ignoring JPA class transformer
2026-02-20T23:18:10.798+05:30  INFO 88416 --- [Observatory] [main] com.zaxxer.hikari.HikariDataSource       : HikariPool-1 - Starting...
2026-02-20T23:18:10.931+05:30  INFO 88416 --- [Observatory] [main] com.zaxxer.hikari.pool.HikariPool        : HikariPool-1 - Added connection org.postgresql.jdbc.PgConnection@c0013b8
2026-02-20T23:18:10.931+05:30  INFO 88416 --- [Observatory] [main] com.zaxxer.hikari.HikariDataSource       : HikariPool-1 - Start completed.
2026-02-20T23:18:10.969+05:30  WARN 88416 --- [Observatory] [main] org.hibernate.orm.deprecation            : HHH90000025: PostgreSQLDialect does not need to be specified explicitly using 'hibernate.dialect' (remove the property setting and it will be selected by default)
2026-02-20T23:18:10.985+05:30  INFO 88416 --- [Observatory] [main] org.hibernate.orm.connections.pooling    : HHH10001005: Database info:
	Database JDBC URL [jdbc:postgresql://localhost:5432/observatory]
	Database driver: PostgreSQL JDBC Driver
	Database dialect: PostgreSQLDialect
	Database version: 15.16
	Default catalog/schema: observatory/public
	Autocommit mode: undefined/unknown
	Isolation level: READ_COMMITTED [default READ_COMMITTED]
	JDBC fetch size: none
	Pool: DataSourceConnectionProvider
	Minimum pool size: undefined/unknown
	Maximum pool size: undefined/unknown
2026-02-20T23:18:11.340+05:30  INFO 88416 --- [Observatory] [main] org.hibernate.orm.core                   : HHH000489: No JTA platform available (set 'hibernate.transaction.jta.platform' to enable JTA platform integration)
2026-02-20T23:18:11.405+05:30  INFO 88416 --- [Observatory] [main] j.LocalContainerEntityManagerFactoryBean : Initialized JPA EntityManagerFactory for persistence unit 'default'
2026-02-20T23:18:11.437+05:30  INFO 88416 --- [Observatory] [main] o.s.d.j.r.query.QueryEnhancerFactories   : Hibernate is in classpath; If applicable, HQL parser will be used.
2026-02-20T23:18:11.532+05:30  WARN 88416 --- [Observatory] [main] JpaBaseConfiguration$JpaWebConfiguration : spring.jpa.open-in-view is enabled by default. Therefore, database queries may be performed during view rendering. Explicitly configure spring.jpa.open-in-view to disable this warning
2026-02-20T23:18:11.651+05:30  INFO 88416 --- [Observatory] [main] o.s.boot.tomcat.TomcatWebServer          : Tomcat started on port 8080 (http) with context path '/'
2026-02-20T23:18:11.654+05:30  INFO 88416 --- [Observatory] [main] c.q.observatory.ObservatoryApplication   : Started ObservatoryApplication in 1.647 seconds (process running for 1.783)
2026-02-20T23:18:16.545+05:30  INFO 88416 --- [Observatory] [SpringApplicationShutdownHook] o.s.boot.tomcat.GracefulShutdown         : Commencing graceful shutdown. Waiting for active requests to complete
2026-02-20T23:18:18.559+05:30  INFO 88416 --- [Observatory] [tomcat-shutdown] o.s.boot.tomcat.GracefulShutdown         : Graceful shutdown complete
2026-02-20T23:18:18.568+05:30  INFO 88416 --- [Observatory] [SpringApplicationShutdownHook] j.LocalContainerEntityManagerFactoryBean : Closing JPA EntityManagerFactory for persistence unit 'default'
2026-02-20T23:18:18.575+05:30  INFO 88416 --- [Observatory] [SpringApplicationShutdownHook] com.zaxxer.hikari.HikariDataSource       : HikariPool-1 - Shutdown initiated...
2026-02-20T23:18:18.580+05:30  INFO 88416 --- [Observatory] [SpringApplicationShutdownHook] com.zaxxer.hikari.HikariDataSource       : HikariPool-1 - Shutdown completed.
2026-02-20T23:19:15.949+05:30  INFO 90962 --- [Observatory] [main] c.q.observatory.ObservatoryApplication   : Starting ObservatoryApplication using Java 25.0.2 with PID 90962 (/Users/abhay/Desktop/Observatory/target/classes started by abhay in /Users/abhay/Desktop/Observatory)
2026-02-20T23:19:15.950+05:30 DEBUG 90962 --- [Observatory] [main] c.q.observatory.ObservatoryApplication   : Running with Spring Boot v4.0.2, Spring v7.0.3
2026-02-20T23:19:15.950+05:30  INFO 90962 --- [Observatory] [main] c.q.observatory.ObservatoryApplication   : No active profile set, falling back to 1 default profile: "default"
2026-02-20T23:19:16.187+05:30  INFO 90962 --- [Observatory] [main] .s.d.r.c.RepositoryConfigurationDelegate : Bootstrapping Spring Data JPA repositories in DEFAULT mode.
2026-02-20T23:19:16.203+05:30  INFO 90962 --- [Observatory] [main] .s.d.r.c.RepositoryConfigurationDelegate : Finished Spring Data repository scanning in 13 ms. Found 1 JPA repository interface.
2026-02-20T23:19:16.349+05:30  INFO 90962 --- [Observatory] [main] o.s.boot.tomcat.TomcatWebServer          : Tomcat initialized with port 8080 (http)
2026-02-20T23:19:16.354+05:30  INFO 90962 --- [Observatory] [main] o.apache.catalina.core.StandardService   : Starting service [Tomcat]
2026-02-20T23:19:16.354+05:30  INFO 90962 --- [Observatory] [main] o.apache.catalina.core.StandardEngine    : Starting Servlet engine: [Apache Tomcat/11.0.15]
2026-02-20T23:19:16.375+05:30  INFO 90962 --- [Observatory] [main] b.w.c.s.WebApplicationContextInitializer : Root WebApplicationContext: initialization completed in 404 ms
2026-02-20T23:19:16.433+05:30  INFO 90962 --- [Observatory] [main] org.hibernate.orm.jpa                    : HHH008540: Processing PersistenceUnitInfo [name: default]
2026-02-20T23:19:16.460+05:30  INFO 90962 --- [Observatory] [main] org.hibernate.orm.core                   : HHH000001: Hibernate ORM core version 7.2.1.Final
2026-02-20T23:19:16.613+05:30  INFO 90962 --- [Observatory] [main] o.s.o.j.p.SpringPersistenceUnitInfo      : No LoadTimeWeaver setup: ignoring JPA class transformer
2026-02-20T23:19:16.629+05:30  INFO 90962 --- [Observatory] [main] com.zaxxer.hikari.HikariDataSource       : HikariPool-1 - Starting...
2026-02-20T23:19:16.756+05:30  INFO 90962 --- [Observatory] [main] com.zaxxer.hikari.pool.HikariPool        : HikariPool-1 - Added connection org.postgresql.jdbc.PgConnection@2493eec6
2026-02-20T23:19:16.756+05:30  INFO 90962 --- [Observatory] [main] com.zaxxer.hikari.HikariDataSource       : HikariPool-1 - Start completed.
2026-02-20T23:19:16.776+05:30  WARN 90962 --- [Observatory] [main] org.hibernate.orm.deprecation            : HHH90000025: PostgreSQLDialect does not need to be specified explicitly using 'hibernate.dialect' (remove the property setting and it will be selected by default)
2026-02-20T23:19:16.785+05:30  INFO 90962 --- [Observatory] [main] org.hibernate.orm.connections.pooling    : HHH10001005: Database info:
	Database JDBC URL [jdbc:postgresql://localhost:5432/observatory]
	Database driver: PostgreSQL JDBC Driver
	Database dialect: PostgreSQLDialect
	Database version: 15.16
	Default catalog/schema: observatory/public
	Autocommit mode: undefined/unknown
	Isolation level: READ_COMMITTED [default READ_COMMITTED]
	JDBC fetch size: none
	Pool: DataSourceConnectionProvider
	Minimum pool size: undefined/unknown
	Maximum pool size: undefined/unknown
2026-02-20T23:19:17.190+05:30  INFO 90962 --- [Observatory] [main] org.hibernate.orm.core                   : HHH000489: No JTA platform available (set 'hibernate.transaction.jta.platform' to enable JTA platform integration)
2026-02-20T23:19:17.249+05:30  INFO 90962 --- [Observatory] [main] j.LocalContainerEntityManagerFactoryBean : Initialized JPA EntityManagerFactory for persistence unit 'default'
2026-02-20T23:19:17.280+05:30  INFO 90962 --- [Observatory] [main] o.s.d.j.r.query.QueryEnhancerFactories   : Hibernate is in classpath; If applicable, HQL parser will be used.
2026-02-20T23:19:17.363+05:30  WARN 90962 --- [Observatory] [main] JpaBaseConfiguration$JpaWebConfiguration : spring.jpa.open-in-view is enabled by default. Therefore, database queries may be performed during view rendering. Explicitly configure spring.jpa.open-in-view to disable this warning
2026-02-20T23:19:17.462+05:30  INFO 90962 --- [Observatory] [main] o.s.boot.tomcat.TomcatWebServer          : Tomcat started on port 8080 (http) with context path '/'
2026-02-20T23:19:17.464+05:30  INFO 90962 --- [Observatory] [main] c.q.observatory.ObservatoryApplication   : Started ObservatoryApplication in 1.666 seconds (process running for 1.8)
2026-02-20T23:20:15.588+05:30  INFO 90962 --- [Observatory] [http-nio-8080-exec-1] o.a.c.c.C.[Tomcat].[localhost].[/]       : Initializing Spring DispatcherServlet 'dispatcherServlet'
2026-02-20T23:20:15.589+05:30  INFO 90962 --- [Observatory] [http-nio-8080-exec-1] o.s.web.servlet.DispatcherServlet        : Initializing Servlet 'dispatcherServlet'
2026-02-20T23:20:15.601+05:30  INFO 90962 --- [Observatory] [http-nio-8080-exec-1] o.s.web.servlet.DispatcherServlet        : Completed initialization in 12 ms
2026-02-20T23:20:54.105+05:30  INFO 93275 --- [Observatory] [main] c.q.o.ObservatoryApplicationTests        : Starting ObservatoryApplicationTests using Java 24.0.1 with PID 93275 (started by abhay in /Users/abhay/Desktop/Observatory)
2026-02-20T23:20:54.106+05:30 DEBUG 93275 --- [Observatory] [main] c.q.o.ObservatoryApplicationTests        : Running with Spring Boot v4.0.2, Spring v7.0.3
2026-02-20T23:20:54.106+05:30  INFO 93275 --- [Observatory] [main] c.q.o.ObservatoryApplicationTests        : No active profile set, falling back to 1 default profile: "default"
2026-02-20T23:20:54.368+05:30  INFO 93275 --- [Observatory] [main] .s.d.r.c.RepositoryConfigurationDelegate : Bootstrapping Spring Data JPA repositories in DEFAULT mode.
2026-02-20T23:20:54.390+05:30  INFO 93275 --- [Observatory] [main] .s.d.r.c.RepositoryConfigurationDelegate : Finished Spring Data repository scanning in 18 ms. Found 1 JPA repository interface.
2026-02-20T23:20:54.528+05:30  INFO 93275 --- [Observatory] [main] org.hibernate.orm.jpa                    : HHH008540: Processing PersistenceUnitInfo [name: default]
2026-02-20T23:20:54.576+05:30  INFO 93275 --- [Observatory] [main] org.hibernate.orm.core                   : HHH000001: Hibernate ORM core version 7.2.1.Final
2026-02-20T23:20:54.743+05:30  INFO 93275 --- [Observatory] [main] o.s.o.j.p.SpringPersistenceUnitInfo      : No LoadTimeWeaver setup: ignoring JPA class transformer
2026-02-20T23:20:54.757+05:30  INFO 93275 --- [Observatory] [main] com.zaxxer.hikari.HikariDataSource       : HikariPool-1 - Starting...
2026-02-20T23:20:54.860+05:30  INFO 93275 --- [Observatory] [main] com.zaxxer.hikari.pool.HikariPool        : HikariPool-1 - Added connection org.postgresql.jdbc.PgConnection@7c0ff7a0
2026-02-20T23:20:54.860+05:30  INFO 93275 --- [Observatory] [main] com.zaxxer.hikari.HikariDataSource       : HikariPool-1 - Start completed.
2026-02-20T23:20:54.886+05:30  WARN 93275 --- [Observatory] [main] org.hibernate.orm.deprecation            : HHH90000025: PostgreSQLDialect does not need to be specified explicitly using 'hibernate.dialect' (remove the property setting and it will be selected by default)
2026-02-20T23:20:54.898+05:30  INFO 93275 --- [Observatory] [main] org.hibernate.orm.connections.pooling    : HHH10001005: Database info:
	Database JDBC URL [jdbc:postgresql://localhost:5432/observatory]
	Database driver: PostgreSQL JDBC Driver
	Database dialect: PostgreSQLDialect
	Database version: 15.16
	Default catalog/schema: observatory/public
	Autocommit mode: undefined/unknown
	Isolation level: READ_COMMITTED [default READ_COMMITTED]
	JDBC fetch size: none
	Pool: DataSourceConnectionProvider
	Minimum pool size: undefined/unknown
	Maximum pool size: undefined/unknown
2026-02-20T23:20:55.332+05:30  INFO 93275 --- [Observatory] [main] org.hibernate.orm.core                   : HHH000489: No JTA platform available (set 'hibernate.transaction.jta.platform' to enable JTA platform integration)
2026-02-20T23:20:55.381+05:30  INFO 93275 --- [Observatory] [main] j.LocalContainerEntityManagerFactoryBean : Initialized JPA EntityManagerFactory for persistence unit 'default'
2026-02-20T23:20:55.413+05:30  INFO 93275 --- [Observatory] [main] o.s.d.j.r.query.QueryEnhancerFactories   : Hibernate is in classpath; If applicable, HQL parser will be used.
2026-02-20T23:20:55.566+05:30  WARN 93275 --- [Observatory] [main] JpaBaseConfiguration$JpaWebConfiguration : spring.jpa.open-in-view is enabled by default. Therefore, database queries may be performed during view rendering. Explicitly configure spring.jpa.open-in-view to disable this warning
2026-02-20T23:20:55.779+05:30  INFO 93275 --- [Observatory] [main] c.q.o.ObservatoryApplicationTests        : Started ObservatoryApplicationTests in 1.777 seconds (process running for 2.254)
2026-02-20T23:20:56.034+05:30  INFO 93275 --- [Observatory] [SpringApplicationShutdownHook] j.LocalContainerEntityManagerFactoryBean : Closing JPA EntityManagerFactory for persistence unit 'default'
2026-02-20T23:20:56.035+05:30  INFO 93275 --- [Observatory] [SpringApplicationShutdownHook] com.zaxxer.hikari.HikariDataSource       : HikariPool-1 - Shutdown initiated...
2026-02-20T23:20:56.037+05:30  INFO 93275 --- [Observatory] [SpringApplicationShutdownHook] com.zaxxer.hikari.HikariDataSource       : HikariPool-1 - Shutdown completed.
